   0.00625   -0.09086   -0.02372
   0.01102   -0.10168    0.01124
   0.00385    0.39920    0.00789
  -0.04127   -0.60894   -0.16723
   0.00675    0.37371    0.00282
   0.00320   -0.29170   -0.17693
   0.00320   -0.44111   -0.10549
   0.00855   -0.43490    0.02586
  -0.04127   -0.50713    0.05829
  -0.02881   -0.01462    0.03181
  -0.04127   -0.52745   -0.02223
   0.00320   -0.41672    0.13988
   0.00320    0.76817   -0.07014
   0.00320   -0.36129   -0.13909
   0.01044   -0.43324   -0.03426
   0.00320   -0.57017   -0.16937
   0.01102   -0.10168    0.01124
   0.00358    0.07208   -0.01104
   0.00320   -0.40853    0.09321
  -0.05907    0.70875   -0.04193
   0.00320   -0.24538   -0.16975
  -0.04127   -0.44552   -0.05387
  -0.03882   -0.79198   -0.01584
  -0.04127   -0.53315   -0.06323
  -0.04127   -0.62228   -0.19744
   0.00605    0.74481   -0.07881
   0.01154    0.59774   -0.01175
   0.00320   -0.42308   -0.13475
  -0.02358   -0.77957   -0.14981
   0.01013    0.09802   -0.00951
   0.00719    0.17538   -0.03469
  -0.04127   -0.39431   -0.15614
   0.00020   -0.26816   -0.20328
   0.00320   -0.71624    0.00156
   0.00320   -0.62475    0.09028
  -0.05749    0.68768    0.03582
  -0.03817    0.01245   -0.01231
   0.00320   -0.43768   -0.02662
  -0.00713    0.73430    0.01338
  -0.04127   -0.37790    0.14399
   0.00433   -0.49309    0.09266
   0.00320   -0.37316    0.14343
  -0.03858   -0.63118   -0.23614
  -0.04127   -0.22589    0.14384
   0.00320   -0.36129   -0.13909
   0.00320   -0.40316    0.07491
   0.00424    0.09610    0.03651
   0.01523    0.05426    0.02905
   0.00320   -0.67887   -0.02640
  -0.04127   -0.59167   -0.13405
   0.00320    0.76817   -0.07014
  -0.04127   -0.61499   -0.01044
   0.00320   -0.50499    0.17001
   0.01291   -0.04805    0.00104
   0.00320    0.70016   -0.04911
   0.00320   -0.71531   -0.19700
  -0.00331    0.07140    0.04293
  -0.05907    0.70618   -0.02410
  -0.00230   -0.33179   -0.19254
   0.00089   -0.49302   -0.01936
   0.00433   -0.44038    0.01417
   0.00834    0.21060   -0.01399
  -0.02745    0.65637   -0.08617
   0.00320   -0.61000    0.22529
  -0.04127   -0.57868   -0.01369
   0.01558   -0.60947    0.00645
   0.00320   -0.77607   -0.07989
   0.01157   -0.66796   -0.12099
   0.00106    0.68535   -0.05915
   0.00320   -0.52730    0.10486
   0.00409    0.18019    0.02559
  -0.03858   -0.63118   -0.23614
   0.00320   -0.69098   -0.04458
   0.00936    0.62971   -0.02118
  -0.04127   -0.40472    0.04447
  -0.04008    0.23938   -0.00744
   0.00626   -0.04036    0.00157
   0.00335    0.16521   -0.02715
   0.00106    0.68535   -0.05915
   0.00320   -0.58105   -0.08776
  -0.04127   -0.33048    0.09235
  -0.02254   -0.01991   -0.03124
   0.00320   -0.71516    0.16053
   0.02170   -0.58875   -0.14554
  -0.04127   -0.63533    0.19335
   0.00017    0.78545   -0.04294
  -0.01901   -0.79198   -0.03504
  -0.01256    0.70726    0.02844
   0.00663    0.37853   -0.02493
   0.03094    0.53789    0.03901
   0.01265   -0.39500    0.01858
   0.00089   -0.55030   -0.03676
   0.00320   -0.38135   -0.16032
   0.00017   -0.54157    0.21407
   0.00636   -0.61975   -0.14094
   0.00320   -0.78242    0.10032
   0.00320   -0.51981   -0.09673
   0.00320   -0.32924   -0.15510
   0.00360    0.20041   -0.00938
  -0.04127   -0.44227    0.03305
  -0.05907    0.53968   -0.03285
   0.00433   -0.01046    0.04236
   0.00320   -0.62031   -0.17136
   0.00320   -0.58464    0.17923
  -0.04127   -0.46755    0.05106
   0.00320   -0.53212    0.17293
  -0.05807    0.59364   -0.06752
   0.00433   -0.42015    0.11022
  -0.01911    0.26275   -0.03361
  -0.05907    0.58043    0.03336
   0.00320    0.56998    0.04004
  -0.04127   -0.52862    0.17595
  -0.01879   -0.21423    0.17131
   0.01102   -0.52067   -0.02456
  -0.04127   -0.30304   -0.14882
  -0.04127   -0.73432   -0.00439
  -0.04127   -0.64567   -0.09194
   0.01313    0.46873    0.01273
   0.00320   -0.56649   -0.08168
  -0.04127   -0.42050   -0.15170
   0.01051    0.59973   -0.03374
  -0.04127   -0.44260    0.04634
  -0.01954    0.73268    0.01455
  -0.03229    0.78819   -0.05610
  -0.01773   -0.78331    0.13189
  -0.02519    0.75461   -0.00298
  -0.03003   -0.04077    0.03040
  -0.04127   -0.73432   -0.00439
  -0.04127   -0.41635    0.03504
   0.00636   -0.59958   -0.10988
   0.00320   -0.47560    0.04316
   0.00320   -0.25595    0.13095
   0.00320   -0.32226    0.17053
  -0.03683   -0.77745    0.14928
  -0.04127   -0.71291    0.16774
  -0.00312   -0.73273   -0.20749
   0.00320   -0.56164   -0.07422
   0.00744   -0.44763    0.01165
  -0.04127   -0.50517   -0.05461
  -0.04127   -0.60553    0.18361
  -0.04127   -0.34847    0.08981
   0.00320   -0.68051    0.06845
   0.00320   -0.63181   -0.04460
   0.00636   -0.66375   -0.10760
  -0.04127   -0.62808   -0.10103
   0.00320   -0.22257    0.15851
   0.00320   -0.47587    0.15450
  -0.02819    0.78137   -0.06245
  -0.04127   -0.68094    0.15395
   0.00636   -0.50739   -0.12212
  -0.01810    0.75564   -0.05706
  -0.04127   -0.60902   -0.08149
  -0.01250    0.07026    0.04120
   0.00089   -0.51679    0.00923
   0.00320   -0.46060    0.11923
  -0.05749    0.68768    0.03582
  -0.04127   -0.74168    0.01028
   0.00383   -0.08872    0.00774
  -0.04127   -0.65904    0.08239
   0.00807   -0.58312   -0.01387
   0.00320   -0.58968   -0.08438
   0.01400    0.09150    0.01588
  -0.04127   -0.50088   -0.03732
   0.01323   -0.03709    0.01288
   0.00729    0.48711   -0.03481
  -0.00492   -0.28666    0.20596
  -0.03933    0.63024    0.04268
   0.00320   -0.77276   -0.15903
   0.00320    0.52695   -0.02393
   0.00444   -0.47572   -0.13879
   0.00320   -0.52176    0.16615
   0.00320   -0.56930   -0.07007
  -0.00457   -0.49244    0.18869
  -0.04127   -0.62808    0.10097
   0.00612   -0.66527   -0.13768
  -0.04127   -0.73139    0.17809
  -0.02116    0.41753    0.03744
  -0.01465    0.66370    0.04085
   0.00320   -0.64335    0.11832
  -0.02435    0.78381   -0.04008
  -0.05907    0.52483   -0.03621
  -0.03185   -0.33885   -0.19002
  -0.04737    0.55937   -0.05735
  -0.04127   -0.69231   -0.13765
  -0.04127   -0.43052   -0.10027
   0.00547   -0.13513    0.01641
  -0.00204    0.03240    0.04294
   0.00320   -0.63168   -0.09969
   0.00413    0.16866    0.02831
   0.02214   -0.58454   -0.13211
  -0.04127   -0.77176   -0.06727
  -0.01397   -0.58938   -0.22663
   0.00557   -0.00640    0.01671
  -0.04127   -0.62014    0.19444
   0.00320   -0.79147    0.03514
  -0.05907    0.63841   -0.03777
   0.00368    0.11426   -0.00325
  -0.04127   -0.65707   -0.00182
   0.00433    0.36053    0.04241
  -0.04846    0.70878   -0.08681
   0.00933    0.35982   -0.03543
   0.00482    0.10770    0.03358
   0.00320    0.75023   -0.01556
  -0.00814   -0.60538   -0.13649
  -0.04127   -0.67295   -0.19251
   0.00433   -0.35930    0.07851
  -0.01520   -0.35032   -0.18536
   0.00320   -0.39978   -0.16347
   0.00719    0.17538   -0.03469
   0.00433   -0.45262   -0.05176
  -0.03711    0.64554   -0.06035
  -0.04332    0.65215   -0.08559
  -0.03555   -0.78587    0.12248
   0.00254   -0.53209    0.03235
   0.00320   -0.65790    0.09996
   0.00089   -0.50091   -0.04200
   0.00040   -0.21650    0.17462
   0.00320   -0.40586   -0.08844
   0.03094    0.53789    0.03901
   0.00613    0.65463   -0.08126
  -0.00312   -0.73273   -0.20749
   0.00320   -0.74907    0.13488
  -0.02249    0.28043    0.03660
  -0.01444    0.00501   -0.03524
   0.03525    0.55287    0.02652
   0.00320   -0.44454    0.05723
  -0.03113   -0.24267    0.19716
  -0.00476   -0.11431    0.04289
  -0.04127   -0.50121   -0.01241
   0.01049    0.02836   -0.03351
  -0.01154   -0.62719   -0.23575
   0.00320   -0.67887   -0.02640
   0.00320   -0.70006    0.17462
  -0.04127   -0.57137   -0.11363
  -0.04127   -0.57984   -0.06565
  -0.04127   -0.65150    0.03988
  -0.01399   -0.67449   -0.23334
  -0.04127   -0.58464    0.04434
   0.00626   -0.04036    0.00157
   0.00320   -0.37962    0.06490
  -0.04127   -0.42935    0.16115
  -0.04080   -0.01513   -0.00179
  -0.04127   -0.22080   -0.17708
   0.00320   -0.56959   -0.19827
   0.01319    0.10001    0.02663
  -0.04127   -0.55168   -0.17674
  -0.02761    0.38025   -0.02774
   0.00320   -0.51541    0.11348
   0.00426    0.07463    0.03822
   0.00012   -0.74995    0.19575
   0.00636   -0.60738   -0.13158
   0.00320    0.57788    0.02687
  -0.04127   -0.67011   -0.18122
  -0.04127   -0.45495   -0.06441
  -0.00330   -0.79198   -0.07811
   0.00320    0.72201   -0.02607
  -0.02067   -0.53991    0.21334
   0.00381   -0.02440    0.00575
  -0.00230   -0.33179   -0.19254
   0.00320   -0.37316    0.14343
   0.00320   -0.47239   -0.09421
   0.00547   -0.13513    0.01641
   0.00936    0.62971   -0.02118
   0.00320   -0.70893    0.17243
   0.01566   -0.38796    0.03214
   0.00805    0.33267   -0.03212
   0.00320   -0.22118    0.11930
  -0.03976    0.48719    0.01399
  -0.04127   -0.44532    0.08930
   0.00320   -0.56649   -0.08168
  -0.01697    0.07785   -0.03439
  -0.01465    0.66370    0.04085
  -0.04127   -0.68841    0.05098
  -0.04127   -0.46950    0.10145
  -0.04127   -0.30912   -0.12936
   0.00626    0.66168   -0.02393
   0.00353    0.38751   -0.01387
  -0.04127   -0.67417    0.15962
   0.00320   -0.22081   -0.17364
  -0.04127   -0.33917   -0.13128
   0.00320   -0.53744    0.19632
   0.00320   -0.75267   -0.08612
   0.00254   -0.53476    0.01757
  -0.03769    0.13668   -0.01341
  -0.02208    0.02281    0.03686
   0.00683    0.37266    0.02668
   0.00320   -0.76487   -0.04326
  -0.04127   -0.61501   -0.12044
  -0.01838    0.70063    0.03127
   0.00320   -0.59842    0.15339
  -0.04127   -0.45038   -0.13620
   0.00320   -0.38765   -0.14396
   0.00320   -0.72244   -0.12803
   0.01558   -0.62069   -0.01298
   0.01400    0.34434    0.01495
  -0.04127   -0.53210    0.07193
  -0.04127   -0.23972    0.14678
   0.00704    0.52678   -0.03321
  -0.02894    0.49359    0.01177
  -0.05529    0.74748   -0.05731
   0.00320   -0.45565    0.06091
  -0.03447    0.68853   -0.05907
  -0.04127   -0.30304   -0.14882
   0.00320   -0.66431   -0.07140
   0.00320   -0.45150    0.02692
  -0.04127   -0.52862    0.17595
   0.00320   -0.59311    0.22779
   0.00320    0.57576   -0.02093
  -0.04127   -0.71868   -0.16425
  -0.04127   -0.55696    0.11577
  -0.03776    0.25128    0.01865
   0.01147   -0.48623   -0.00174
  -0.04127   -0.34003    0.17414
   0.01023    0.61012   -0.01384
   0.00320   -0.59789   -0.08365
  -0.05907    0.55208    0.01911
  -0.04127   -0.57868   -0.01369
   0.00320   -0.71395   -0.04888
  -0.04127   -0.76800   -0.15850
  -0.04127   -0.33827   -0.09565
  -0.04127   -0.62228   -0.19744
  -0.01959    0.64563   -0.06033
  -0.04127   -0.78040    0.09830
   0.00762   -0.09742   -0.01359
  -0.02254   -0.01991   -0.03124
   0.00320   -0.66880    0.12798
   0.01044   -0.43324   -0.03426
  -0.04127   -0.69231   -0.13765
   0.02726    0.62409    0.00544
   0.00542   -0.55728    0.01596
  -0.04127   -0.35848   -0.13753
  -0.03933    0.19585    0.01525
  -0.01205   -0.13899   -0.03603
  -0.04127   -0.73212    0.13806
  -0.05907    0.63841   -0.03777
  -0.04127   -0.57327   -0.00501
   0.00636   -0.59958   -0.10988
  -0.00171   -0.54914   -0.01889
  -0.00882   -0.54730    0.21639
   0.00433   -0.37409   -0.10214
   0.00433   -0.38015   -0.12495
  -0.00492    0.63004   -0.08030
   0.00320   -0.43213    0.14746
  -0.03548   -0.40216   -0.16516
  -0.00567    0.62150   -0.07760
   0.00320   -0.38412   -0.05123
   0.00320   -0.39978   -0.16347
   0.01013    0.09802   -0.00951
  -0.00114    0.55796    0.04268
   0.00636   -0.56023   -0.14774
   0.00366    0.32147   -0.00409
   0.00085    0.19855    0.04298
  -0.04127   -0.76608   -0.10034
  -0.04127   -0.77693   -0.09644
   0.01089    0.67391   -0.02486
  -0.03663    0.31475   -0.01589
  -0.04127   -0.40356    0.13206
  -0.02731    0.69678   -0.08799
  -0.03663    0.31475   -0.01589
   0.00320   -0.75754   -0.17323
   0.00360    0.20041   -0.00938
  -0.04127   -0.54153    0.14106
  -0.03267    0.60370    0.04268
   0.00320   -0.34223    0.18304
   0.00320   -0.56959   -0.19827
  -0.04127   -0.68765    0.10607
   0.00383   -0.08872    0.00774
   0.00781   -0.47371   -0.03529
  -0.04127   -0.70185   -0.13478
   0.00320   -0.75524    0.12109
  -0.02393    0.55892    0.04268
   0.00320   -0.69804   -0.00819
   0.00365    0.35518   -0.00537
  -0.04127   -0.41562   -0.00305
   0.00320   -0.69963    0.18437
  -0.05100    0.65876   -0.05995
  -0.03252   -0.11973   -0.02213
  -0.04006    0.38354   -0.00766
   0.00433   -0.49191   -0.09286
   0.00733   -0.00360   -0.02155
  -0.04127   -0.69118    0.08529
  -0.04127   -0.50994    0.02939
  -0.03437    0.41126    0.02541
   0.00401    0.15667    0.04303
   0.00320   -0.67005   -0.06620
   0.01049    0.57215   -0.03399
  -0.04127   -0.22589    0.14384
  -0.04127   -0.66358   -0.10606
  -0.04803    0.69484   -0.05887
   0.00930    0.08713   -0.03545
  -0.01768    0.21692    0.03963
  -0.02314    0.78941   -0.05085
   0.00433   -0.40157   -0.11479
  -0.01382   -0.20537    0.15192
  -0.04041    0.04172   -0.00481
  -0.02958   -0.55025   -0.21157
   0.00320   -0.78242    0.10032
   0.05337    0.73868   -0.03442
   0.00408   -0.03207    0.02484
  -0.04127   -0.70784    0.19380
   0.00320   -0.77634    0.09444
   0.00320   -0.69309   -0.19542
  -0.01399   -0.67449   -0.23334
   0.00389    0.04994    0.01155
   0.00089   -0.57009    0.00875
   0.00636   -0.51031   -0.14249
  -0.01490   -0.79198    0.00903
  -0.04127   -0.59291    0.02223
   0.00320   -0.57849   -0.10587
  -0.03857    0.42891   -0.01139
   0.00320   -0.34449    0.11318
   0.00320   -0.57435    0.18584
   0.00320   -0.76487   -0.04326
  -0.01986   -0.69686    0.23021
  -0.04127   -0.71768   -0.01913
  -0.02794    0.03326    0.03280
  -0.05907    0.59568    0.03040
   0.01051    0.59973   -0.03374
   0.00320   -0.41892   -0.15286
  -0.00388   -0.59976   -0.14323
  -0.04127   -0.76974    0.07732
   0.00089   -0.50994   -0.01974
   0.01041   -0.12470   -0.00965
  -0.04127   -0.33048    0.09235
  -0.02864    0.09573    0.03200
  -0.04127   -0.32094   -0.14108
  -0.04127   -0.46781   -0.12101
  -0.04072    0.36342    0.00782
   0.00922   -0.46294   -0.01412
   0.02214   -0.58454   -0.13211
   0.01284   -0.00298    0.00161
   0.00089   -0.58705   -0.04501
  -0.04127   -0.26072   -0.14590
  -0.00268    0.59822   -0.06888
  -0.04127   -0.66627   -0.09706
   0.00320   -0.43992   -0.15709
  -0.04127   -0.61501   -0.12044
   0.00433   -0.45419   -0.11643
  -0.04127   -0.52745   -0.02223
  -0.04127   -0.69410   -0.22141
   0.00320   -0.69938    0.01971
  -0.04127   -0.29755    0.19184
  -0.02856    0.62822    0.04268
   0.00320   -0.53935   -0.19957
   0.00704    0.52678   -0.03321
   0.00320   -0.63181   -0.04460
   0.01117   -0.48548   -0.02317
   0.00320    0.72993   -0.02632
  -0.01644    0.22980   -0.03456
   0.00320   -0.62747    0.18385
   0.00385    0.39920    0.00789
  -0.04127   -0.68841    0.05098
   0.00626    0.59416   -0.02335
  -0.03159   -0.50297   -0.19149
  -0.05907    0.60718    0.00562
   0.01115    0.58196   -0.02305
  -0.02335   -0.24390   -0.19748
   0.00320   -0.74473   -0.12871
  -0.03273    0.08600   -0.02188
   0.00350    0.17280   -0.01608
  -0.03288    0.73994   -0.08027
  -0.02161    0.75588   -0.07475
   0.00433   -0.33766   -0.12807
   0.00613    0.04685    0.03550
  -0.04127   -0.71089   -0.07597
   0.00547   -0.13513    0.01641
   0.00320   -0.46394   -0.06157
  -0.01654    0.72187   -0.08474
   0.00320   -0.71531   -0.19700
   0.00320   -0.71395   -0.04888
   0.00557   -0.00640    0.01671
   0.00320   -0.46452    0.13614
  -0.04127   -0.41910    0.06275
   0.00017   -0.54157    0.21407
  -0.04127   -0.47731   -0.14839
   0.00320   -0.56649   -0.08168
   0.00116   -0.55047   -0.05080
   0.01018    0.02899   -0.02158
   0.00819   -0.57823    0.01132
  -0.04127   -0.64020   -0.11080
  -0.02441   -0.79198   -0.00908
  -0.02249    0.28043    0.03660
  -0.04127   -0.24402   -0.15395
   0.00320   -0.56815    0.10355
   0.00320   -0.78807    0.07051
  -0.05188    0.76560   -0.05677
   0.00320   -0.57281   -0.18569
  -0.01304    0.44660    0.04104
  -0.04142    0.33497    0.00331
  -0.04127   -0.55150    0.04657
   0.00413    0.26765    0.02900
   0.01036   -0.06760    0.01966
   0.01571   -0.06616    0.03093
  -0.04127   -0.46364    0.00905
   0.00320   -0.57448    0.05930
  -0.04127   -0.26870   -0.13155
   0.01049    0.57215   -0.03399
   0.00320   -0.69309   -0.19542
   0.00636   -0.66375   -0.10760
  -0.04127   -0.74168    0.01028
   0.00320   -0.44111   -0.10549
  -0.02731    0.69678   -0.08799
  -0.00268    0.59822   -0.06888
   0.00320    0.65546   -0.05282
   0.00320   -0.26178    0.16184
   0.00320   -0.75600   -0.12024
  -0.04127   -0.58809    0.10679
  -0.04127   -0.42050   -0.15170
  -0.04127   -0.64394    0.00328
   0.00433   -0.46617   -0.14356
   0.00320   -0.70893    0.17243
  -0.02314    0.78941   -0.05085
   0.00408    0.21796    0.02483
   0.00892   -0.03621   -0.03552
   0.00320   -0.61852    0.18221
   0.00320    0.70848   -0.06093
   0.01573    0.51462    0.03109
  -0.03882    0.09293   -0.01079
   0.00320   -0.77607   -0.07989
   0.00320   -0.64267   -0.17573
  -0.02557    0.35995    0.03459
  -0.04127   -0.54132    0.12671
   0.00636   -0.59092   -0.13609
  -0.00630    0.61197   -0.06827
  -0.04127   -0.50517   -0.05461
  -0.04127   -0.27642   -0.14118
   0.00433   -0.38324    0.08209
   0.00663    0.37853   -0.02493
  -0.04127   -0.73432   -0.00439
  -0.04127   -0.42543    0.00219
  -0.03252   -0.11973   -0.02213
   0.00320   -0.72398   -0.14414
   0.00320   -0.44668    0.15072
   0.00385    0.47202    0.00890
   0.00716   -0.39784   -0.02552
   0.00320   -0.29709    0.14607
  -0.00903    0.42906   -0.03704
   0.00320   -0.62031   -0.17136
   0.01102   -0.52067   -0.02456
  -0.02070    0.08986    0.03776
   0.01102   -0.10168    0.01124
   0.00452   -0.68263   -0.14021
  -0.05907    0.50835    0.00310
   0.00320   -0.65806   -0.02224
   0.05277    0.54425    0.03878
   0.00320   -0.73188    0.10826
   0.00254   -0.53761   -0.00605
  -0.03835   -0.76687    0.17262
  -0.03247    0.30930    0.02760
   0.01052    0.53104    0.01112
   0.01162    0.01843    0.02589
   0.00320   -0.55764    0.10916
   0.00320   -0.69804   -0.00819
  -0.04137    0.44081    0.00267
   0.00433   -0.44698   -0.00839
   0.00320   -0.66842   -0.21533
   0.00320   -0.60844    0.13494
   0.00403   -0.04085    0.02097
   0.00320   -0.45150    0.09271
  -0.00436    0.49359   -0.02743
  -0.04127   -0.49055   -0.02484
  -0.02662   -0.35256    0.18472
   0.05907    0.55116    0.03835
   0.00320   -0.73084    0.15821
  -0.04127   -0.68312    0.01115
   0.00796   -0.50956   -0.01382
   0.00320   -0.28364   -0.14517
   0.00320   -0.62246    0.00683
   0.00573    0.44676    0.01367
  -0.03771   -0.13884   -0.01338
   0.00320   -0.76344    0.03169
  -0.04127   -0.56983   -0.18329
   0.00089   -0.55587   -0.04274
  -0.04127   -0.76197   -0.01691
  -0.04127   -0.69410   -0.22141
  -0.03946    0.50527   -0.04129
   0.00331    0.33864   -0.02905
   0.00744   -0.07382    0.01167
  -0.02425   -0.57851   -0.22257
   0.01173    0.27968    0.02594
  -0.04057    0.12853    0.00878
  -0.05907    0.56396    0.01778
  -0.04127   -0.58116    0.08849
   0.00605    0.67883   -0.08058
  -0.03487   -0.79198   -0.00875
   0.01400    0.09150    0.01588
  -0.04662    0.58562   -0.06514
   0.00320   -0.72244   -0.12803
  -0.00230   -0.33179   -0.19254
   0.01573    0.51462    0.03109
   0.00335    0.16521   -0.02715
  -0.04127   -0.62946    0.20336
  -0.03159   -0.50297   -0.19149
   0.00961    0.28935   -0.03532
   0.00320   -0.50499    0.17001
   0.00320   -0.28364   -0.14517
   0.01288    0.03961    0.03633
  -0.01288    0.37865   -0.03575
  -0.01159   -0.57841   -0.12190
   0.00781   -0.47371   -0.03529
  -0.03842    0.77793   -0.03071
  -0.03855    0.25126   -0.01140
  -0.03267    0.60370    0.04268
  -0.02286   -0.20414    0.14706
  -0.04127   -0.26870   -0.13155
   0.00398    0.00123    0.04303
   0.00320   -0.66431   -0.07140
   0.00320    0.52034   -0.02963
   0.00089   -0.55619    0.05686
   0.00376    0.22355    0.00275
  -0.04127   -0.40697   -0.11433
   0.00683    0.37266    0.02668
  -0.02267   -0.60715    0.23300
   0.00320   -0.65851    0.08514
   0.00573    0.44676    0.01367
  -0.02662   -0.35256    0.18472
   0.00605    0.74481   -0.07881
  -0.02864    0.09573    0.03200
  -0.04127   -0.33320   -0.18463
  -0.04127   -0.49352    0.16778
  -0.05907    0.70875   -0.04193
  -0.04127   -0.66627   -0.09706
   0.00433   -0.40884   -0.05595
  -0.03179   -0.78040    0.14106
   0.02455    0.70079   -0.02574
  -0.04127   -0.53149    0.01077
  -0.03711    0.64554   -0.06035
  -0.05807    0.59364   -0.06752
   0.00320   -0.60858   -0.20790
   0.00855    0.65967   -0.00622
   0.00935    0.34583   -0.03210
   0.00320   -0.42308   -0.13475
   0.00320   -0.60060   -0.06822
  -0.03615   -0.74799    0.19788
   0.00320   -0.71856    0.14568
  -0.00822    0.77322   -0.02416
  -0.04127   -0.71927   -0.11002
   0.00331    0.33864   -0.02905
  -0.04127   -0.56161    0.13667
   0.00320   -0.76485    0.01505
   0.00320   -0.70049   -0.17318
  -0.04127   -0.70777   -0.20800
  -0.04127   -0.42543    0.00219
  -0.04127   -0.77605    0.03253
   0.00320   -0.22257    0.15851
   0.00320   -0.24360    0.12684
  -0.04127   -0.76800   -0.15850
   0.00320   -0.33008    0.18876
   0.00017    0.78545   -0.04294
  -0.04127   -0.58778   -0.01470
   0.00320   -0.69149    0.06997
  -0.03288    0.73994   -0.08027
  -0.03171   -0.14240    0.02847
  -0.04127   -0.66279   -0.17021
   0.00320   -0.53976   -0.07357
   0.00320   -0.76485    0.01505
   0.01558   -0.60947    0.00645
  -0.04127   -0.63320    0.15516
  -0.04127   -0.47020   -0.08363
   0.00320   -0.76381    0.16572
  -0.02335   -0.24390   -0.19748
   0.00320   -0.70049   -0.17318
  -0.04127   -0.73432   -0.00439
  -0.02856    0.62822    0.04268
  -0.04127   -0.48997   -0.17949
  -0.04127   -0.47995   -0.15937
   0.00424    0.31290    0.03688
   0.01057   -0.02372   -0.02528
  -0.04127   -0.43062    0.05241
   0.00320   -0.77344    0.03674
  -0.04127   -0.58212    0.05837
  -0.04127   -0.71491    0.03892
  -0.04127   -0.61464   -0.09469
  -0.04127   -0.41910    0.06275
   0.00320   -0.71531   -0.19700
   0.00433   -0.41285   -0.11704
  -0.02894    0.49359    0.01177
   0.00338   -0.08098   -0.02465
   0.00829    0.52523    0.03678
   0.00089   -0.60322   -0.04364
  -0.00612   -0.67913    0.23459
  -0.02574    0.15891   -0.02904
  -0.04127   -0.50459   -0.19004
  -0.04127   -0.34540   -0.10624
  -0.02856    0.62822    0.04268
  -0.00114    0.55796    0.04268
   0.00320   -0.43594    0.10529
  -0.04478    0.61966   -0.06606
   0.00320   -0.65163    0.04414
  -0.02667   -0.55672    0.21998
  -0.04127   -0.44260    0.04634
   0.01052    0.53104    0.01112
   0.01023    0.61012   -0.01384
   0.00336   -0.10299   -0.02627
   0.00320   -0.55357    0.20437
  -0.04127   -0.66537   -0.14956
  -0.04127   -0.24617   -0.16143
   0.00320   -0.52163    0.08489
   0.01006    0.26886    0.03709
   0.02042   -0.59969   -0.14328
   0.01440    0.29982    0.02773
  -0.03393   -0.29309    0.20562
   0.00433   -0.35816   -0.12215
   0.00089   -0.53290    0.05264
   0.00433   -0.44698   -0.00839
   0.00320   -0.48493   -0.07604
   0.01284   -0.00298    0.00161
   0.00320   -0.44111   -0.10549
   0.00930    0.08713   -0.03545
  -0.04127   -0.60238   -0.01150
  -0.04127   -0.68112    0.21596
  -0.04127   -0.40682    0.09137
   0.00320   -0.29709    0.14607
   0.00320   -0.73188    0.10826
   0.00320   -0.53479    0.12477
   0.00320   -0.73079    0.12220
  -0.04127   -0.38652   -0.03834
  -0.03969   -0.13171    0.01440
   0.00320   -0.73742   -0.14870
   0.00398    0.00123    0.04303
   0.01228    0.02791    0.02615
  -0.00232   -0.00471   -0.03759
  -0.03315   -0.77832   -0.15258
  -0.04127   -0.61907    0.22066
   0.00661    0.08605    0.00259
   0.00320   -0.34719   -0.11313
  -0.04080   -0.01513   -0.00179
   0.00714   -0.60611    0.01886
  -0.00522   -0.77501   -0.15911
   0.00781   -0.47371   -0.03529
  -0.03179   -0.78040    0.14106
  -0.02435    0.78381   -0.04008
  -0.04127   -0.59595   -0.08761
  -0.01959    0.64563   -0.06033
   0.00320   -0.40586   -0.08844
  -0.05907    0.62086   -0.01304
   0.00320   -0.57435    0.18584
   0.00320   -0.72187   -0.07165
   0.00320   -0.40722   -0.04783
   0.00320   -0.62323   -0.02768
  -0.04127   -0.38436   -0.14134
  -0.04127   -0.71215   -0.09847
  -0.04127   -0.73212    0.13806
   0.00683    0.37266    0.02668
   0.00994    0.38639   -0.02577
   0.00385    0.47202    0.00890
   0.00089   -0.60791    0.03361
  -0.01974    0.33184    0.03837
  -0.03562    0.05756    0.02324
   0.00320   -0.66842   -0.21533
   0.00320   -0.46175    0.14505
   0.00320   -0.71032    0.02667
  -0.04127   -0.63533    0.19335
  -0.01697    0.07785   -0.03439
  -0.04127   -0.75282   -0.15603
  -0.04127   -0.49783   -0.00472
   0.01328   -0.01725    0.03605
   0.00287    0.18483   -0.03780
   0.00320   -0.77494   -0.13115
   0.01170   -0.07662    0.03683
   0.00320   -0.71395   -0.04888
   0.00482    0.10770    0.03358
   0.00320   -0.39610    0.03754
   0.02837    0.65850   -0.00578
  -0.04127   -0.47370    0.03227
  -0.04127   -0.69368   -0.16035
   0.00320    0.54008    0.01323
  -0.01155    0.01301    0.04150
  -0.04127   -0.44532    0.08930
  -0.01773   -0.78331    0.13189
  -0.00903    0.42906   -0.03704
  -0.03862    0.14220    0.01681
   0.00519   -0.01531    0.02839
   0.00320    0.52034   -0.02963
  -0.04127   -0.55811    0.00277
   0.00433   -0.46617   -0.14356
   0.00663    0.67055   -0.07531
   0.01003    0.64303   -0.02574
   0.00433   -0.39689   -0.05658
   0.00320   -0.58090   -0.17172
   0.00320   -0.55357    0.20437
   0.05907    0.71296   -0.02174
  -0.04127   -0.43866    0.15911
  -0.04127   -0.41992    0.12800
   0.00353    0.39857   -0.01371
  -0.01399   -0.67449   -0.23334
  -0.05584    0.70321    0.03031
  -0.03714    0.39031   -0.01468
   0.00320   -0.71516    0.16053
  -0.03862    0.14220    0.01681
   0.00817   -0.38761   -0.00948
   0.00320   -0.63483    0.06565
   0.00320   -0.58620   -0.19730
  -0.01981   -0.27897    0.20588
  -0.01159   -0.57841   -0.12190
   0.00452   -0.68263   -0.14021
  -0.04127   -0.46531   -0.04692
  -0.04127   -0.58289   -0.00593
   0.00385    0.47202    0.00890
   0.00320   -0.76777    0.14270
  -0.04127   -0.49783   -0.00472
  -0.01190   -0.66118   -0.23555
   0.00320   -0.76487   -0.04326
  -0.03398   -0.73706   -0.20421
   0.00537   -0.49894    0.01556
  -0.04127   -0.69938   -0.08536
  -0.04127   -0.60236   -0.14477
   0.00381    0.17169    0.00626
  -0.04127   -0.24601    0.16604
   0.01110    0.27569   -0.01306
  -0.04127   -0.40546   -0.08869
   0.00320   -0.43992   -0.15709
  -0.05907    0.63841   -0.03777
  -0.04127   -0.78391    0.06809
  -0.00335   -0.39429    0.16907
   0.00320    0.77657   -0.04072
  -0.04127   -0.44676    0.10012
   0.00089   -0.53290    0.05264
   0.00320   -0.76808    0.06008
   0.00320   -0.67409   -0.01709
  -0.04127   -0.47020   -0.08363
   0.00320   -0.41743   -0.10839
   0.00320   -0.56930   -0.07007
   0.01238    0.14041    0.00278
  -0.05907    0.68647   -0.06853
   0.00699   -0.40700   -0.01286
  -0.00230    0.36729    0.04294
   0.00262   -0.60906   -0.01889
   0.00320   -0.71123   -0.07616
  -0.04223    0.49359   -0.02105
   0.00370   -0.08265   -0.00270
   0.00089   -0.57009    0.00875
   0.00353    0.33521   -0.01429
   0.00320   -0.63282    0.13715
  -0.04127   -0.45111    0.12886
   0.00320   -0.32226    0.17053
  -0.04564    0.76339   -0.07176
   0.01197    0.25063    0.01909
   0.00320   -0.73079    0.12220
   0.00401    0.15667    0.04303
   0.00320   -0.24498   -0.14268
  -0.04127   -0.51482    0.08216
   0.00320   -0.63692    0.12934
  -0.00060    0.64598   -0.08433
  -0.01520   -0.35032   -0.18536
   0.00320   -0.25507   -0.14747
  -0.01981   -0.27897    0.20588
   0.00320   -0.60461   -0.18624
  -0.04127   -0.49299   -0.06207
   0.00320   -0.26241   -0.19347
  -0.00994   -0.78179   -0.14481
  -0.03683   -0.77745    0.14928
  -0.02425   -0.57851   -0.22257
  -0.04127   -0.64394    0.00328
   0.00868    0.51928    0.02584
   0.00320   -0.71032    0.02667
  -0.04127   -0.70833   -0.06434
   0.00320   -0.39396    0.13173
  -0.04127   -0.53991    0.20288
   0.00391   -0.01588    0.01321
   0.00320   -0.70021   -0.03282
   0.00320   -0.68208   -0.18493
  -0.04027   -0.21216   -0.17020
  -0.04127   -0.34847    0.08981
  -0.00232   -0.00471   -0.03759
   0.00320   -0.66431   -0.07140
   0.00812    0.46218    0.01941
   0.00089   -0.51230    0.01861
   0.00320   -0.63841   -0.20890
  -0.04127   -0.76800   -0.15850
   0.00089   -0.56059    0.03084
   0.00320   -0.62174    0.03338
  -0.00903    0.42906   -0.03704
  -0.04127   -0.57868   -0.01369
  -0.04127   -0.54823   -0.02479
   0.00320   -0.74907    0.13488
   0.00433   -0.44660    0.00030
  -0.02208    0.02281    0.03686
   0.03583    0.62906    0.00731
   0.00396    0.15434    0.01628
  -0.04127   -0.56161    0.13667
   0.01566   -0.10360    0.03219
   0.00626    0.66168   -0.02393
   0.00320   -0.63238   -0.02511
   0.00829    0.52523    0.03678
  -0.04127   -0.55696    0.11577
   0.00320   -0.68566   -0.10022
   0.00320   -0.57601    0.13833
  -0.04127   -0.37689    0.15492
  -0.03263    0.20147    0.02741
  -0.04127   -0.50998    0.11625
   0.00322    0.41337   -0.03651
   0.00320   -0.30216   -0.18321
  -0.04127   -0.51735    0.04385
  -0.03162    0.37125   -0.02322
  -0.05188    0.76560   -0.05677
  -0.04127   -0.48114    0.17732
   0.00320   -0.21909    0.14239
   0.00143   -0.79127   -0.10538
  -0.05907    0.60602   -0.03189
  -0.04127   -0.60437   -0.22595
   0.00320   -0.45444   -0.03164
  -0.01954    0.73268    0.01455
  -0.00335   -0.39429    0.16907
   0.00089   -0.53290    0.05264
  -0.04127   -0.69595    0.01460
  -0.04127   -0.23972    0.14678
  -0.05907    0.58043    0.03336
   0.00320   -0.56959   -0.19827
  -0.03776    0.25128    0.01865
   0.00320   -0.60461   -0.18624
  -0.01911    0.26275   -0.03361
  -0.04127   -0.56283   -0.10833
  -0.02368    0.41605   -0.03045
  -0.01520    0.75114   -0.07662
   0.01147    0.05433   -0.01119
   0.00368    0.11426   -0.00325
  -0.04127   -0.50994    0.02939
  -0.00202    0.52723   -0.04782
   0.00320   -0.56815    0.10355
  -0.04127   -0.62364   -0.07220
   0.00320   -0.74947   -0.05410
   0.00613    0.66075   -0.07233
   0.00320   -0.26178    0.16184
  -0.02816   -0.79198    0.01077
  -0.03562    0.05756    0.02324
   0.01878   -0.60089   -0.11839
  -0.01311    0.18407   -0.03568
   0.00365    0.35518   -0.00537
  -0.02116    0.41753    0.03744
  -0.04127   -0.67852    0.04772
   0.00433   -0.37409   -0.10214
   0.00320    0.71166   -0.05032
  -0.04134    0.42731    0.00245
   0.01052    0.53104    0.01112
   0.00320   -0.65225    0.01661
  -0.05907    0.56142   -0.01651
   0.00613    0.62200   -0.07337
   0.00320   -0.66057    0.07627
  -0.00729    0.30421   -0.03737
   0.03583    0.62961    0.01995
  -0.04127   -0.59359    0.18133
   0.00320   -0.20316    0.13924
  -0.03807   -0.09038   -0.01255
  -0.00882   -0.54730    0.21639
  -0.04127   -0.42543    0.00219
  -0.04127   -0.52862    0.17595
   0.01372    0.21753    0.03570
  -0.04127   -0.60334    0.14762
  -0.04127   -0.43062    0.05241
  -0.02141    0.56724    0.04268
  -0.05907    0.68374   -0.01014
   0.00320   -0.70694   -0.11269
  -0.04127   -0.31921   -0.17439
  -0.04127   -0.71538    0.08338
   0.00320   -0.59482   -0.20341
   0.00320   -0.70694   -0.11269
  -0.05907    0.58043    0.03336
   0.00433   -0.37671   -0.11090
   0.00320   -0.47587    0.15450
   0.00320   -0.40722   -0.04783
   0.00320   -0.58105   -0.08776
  -0.05907    0.70875   -0.04193
   0.00348    0.10866   -0.01787
   0.00868    0.51928    0.02584
  -0.04127   -0.55168   -0.17674
  -0.04127   -0.22080   -0.17708
   0.02496    0.65712    0.00704
  -0.04127   -0.49055   -0.02484
   0.02455    0.70079   -0.02574
  -0.00436    0.49359   -0.02743
   0.00733   -0.06782   -0.00149
  -0.04127   -0.61066   -0.12923
   0.01558   -0.62507    0.00457
  -0.04127   -0.50121   -0.01241
   0.00423    0.34938    0.03557
  -0.05907    0.51942   -0.00519
   0.00320   -0.57601    0.13833
   0.00433   -0.49191   -0.09286
  -0.04127   -0.42971    0.09394
  -0.05907    0.70875   -0.04193
  -0.04127   -0.64804    0.17161
   0.00605    0.67883   -0.08058
  -0.01954    0.73268    0.01455
  -0.00154   -0.44884   -0.16799
  -0.02745    0.65637   -0.08617
  -0.03757    0.66581    0.04054
   0.00320   -0.65115    0.11762
  -0.02675   -0.28756   -0.20255
   0.01031    0.12425   -0.03457
   0.01270    0.54622    0.00210
   0.00320   -0.33008    0.18876
  -0.04127   -0.27642   -0.14118
  -0.04127   -0.61123    0.16078
   0.00636   -0.66375   -0.10760
  -0.02035   -0.34202    0.19105
   0.00320    0.76817   -0.07014
   0.00320   -0.63168   -0.09969
   0.00673    0.54051   -0.01127
  -0.03487   -0.79198   -0.00875
  -0.04127   -0.59359    0.18133
   0.00320   -0.62323   -0.02768
  -0.04127   -0.74168    0.01028
  -0.02660   -0.23614    0.19337
  -0.04127   -0.58116    0.08849
   0.01571   -0.06616    0.03093
  -0.04127   -0.68377    0.07987
  -0.05907    0.66837   -0.03651
  -0.03229    0.78819   -0.05610
   0.00636   -0.65929   -0.14378
  -0.04127   -0.60236   -0.14477
  -0.04127   -0.52370   -0.07445
  -0.04127   -0.78040    0.09830
  -0.04127   -0.48991   -0.11327
   0.00320   -0.71452   -0.12210
  -0.04127   -0.46755    0.05106
  -0.02453   -0.62908   -0.23595
  -0.04127   -0.69106   -0.06059
   0.00320   -0.68679   -0.21574
   0.00744   -0.07382    0.01167
  -0.04127   -0.28285    0.19469
  -0.03988    0.06442    0.01324
  -0.04127   -0.68849    0.19686
  -0.04127   -0.70784    0.19380
  -0.04127   -0.40356    0.13206
   0.00320   -0.52413   -0.19539
   0.00320   -0.21408    0.13170
  -0.04127   -0.61116    0.13176
   0.01147    0.52939   -0.01220
  -0.04127   -0.40634    0.06966
  -0.02070    0.08986    0.03776
   0.00905    0.24886   -0.02605
  -0.04127   -0.41687   -0.05796
  -0.02254   -0.01991   -0.03124
   0.00320    0.56732   -0.01407
  -0.04027   -0.45832    0.17515
   0.00398    0.00123    0.04303
   0.00572    0.16194    0.01371
  -0.01606   -0.38514   -0.16929
   0.00956   -0.01793   -0.00237
   0.01154    0.59774   -0.01175
   0.00433   -0.44149    0.07342
   0.00320   -0.61637   -0.22070
   0.00370    0.19607   -0.00245
   0.00320   -0.75600   -0.12024
  -0.04127   -0.47605    0.04508
   0.00320   -0.32924   -0.15510
   0.00433   -0.41004   -0.00186
  -0.01918   -0.74839    0.19744
   0.00089   -0.57342    0.03857
  -0.04478    0.61966   -0.06606
  -0.04127   -0.53315   -0.06323
   0.00320   -0.56649   -0.08168
   0.00320   -0.21408    0.13170
   0.00176   -0.58312   -0.22431
   0.00320   -0.44913   -0.12813
   0.00320   -0.61051    0.04478
  -0.03926    0.77204   -0.02262
  -0.03835   -0.76687    0.17262
   0.00542   -0.55728    0.01596
  -0.05907    0.62674   -0.05194
  -0.00025   -0.08928   -0.03767
   0.01089    0.67391   -0.02486
  -0.01250    0.07026    0.04120
   0.00376    0.07762    0.00259
   0.01570    0.34754    0.03083
  -0.04127   -0.67696    0.11918
   0.00805    0.33267   -0.03212
   0.00320   -0.68198    0.13216
  -0.04027   -0.45832    0.17515
   0.01173    0.27968    0.02594
   0.01558   -0.63233    0.05564
   0.00320   -0.72322    0.11817
   0.00320   -0.72802   -0.20124
   0.01558   -0.62069   -0.01298
   0.00320   -0.36071   -0.10869
   0.01291   -0.04805    0.00104
   0.00559    0.75126   -0.03149
   0.00320   -0.42726    0.01656
   0.01006    0.50249    0.00429
  -0.01397   -0.58938   -0.22663
   0.00320   -0.21408    0.13170
   0.00089   -0.60684   -0.00340
   0.00636   -0.70361   -0.12167
   0.00797    0.14979    0.00394
  -0.05907    0.53968   -0.03285
   0.00320   -0.74027   -0.01576
  -0.05907    0.66365   -0.05995
   0.00085    0.19855    0.04298
  -0.04127   -0.66890   -0.00118
   0.00320   -0.71516    0.16053
   0.00610    0.13949    0.01296
   0.00433   -0.43286    0.04187
   0.00320   -0.22118    0.11930
   0.00729    0.48711   -0.03481
   0.00328    0.13478   -0.03144
   0.00320   -0.73742   -0.14870
  -0.00973    0.62478    0.04268
   0.00509   -0.48447   -0.15094
   0.01347    0.16508    0.01757
  -0.01228   -0.70142    0.22852
  -0.00171   -0.51493   -0.00201
  -0.04127   -0.77355   -0.13342
  -0.05907    0.58892   -0.06044
   0.00419   -0.03994    0.03331
   0.00481    0.17933    0.03355
   0.00320   -0.57849   -0.10587
   0.00320   -0.31963   -0.16937
  -0.03434    0.70301   -0.05864
  -0.04127   -0.33827   -0.09565
  -0.04127   -0.36535    0.08796
  -0.03106    0.30822   -0.02392
   0.01483   -0.42585    0.03446
  -0.05874    0.55413    0.04268
  -0.04127   -0.64762   -0.19998
  -0.00522   -0.77501   -0.15911
   0.00143   -0.79127   -0.10538
  -0.04127   -0.75232   -0.12109
  -0.04127   -0.54530   -0.18969
   0.00320   -0.70893    0.17243
  -0.04127   -0.48188   -0.03134
  -0.04112   -0.08713    0.00524
   0.00089   -0.55587   -0.04274
   0.00322    0.41337   -0.03651
  -0.04127   -0.71868   -0.16425
  -0.04127   -0.64394    0.00328
   0.03583    0.68384   -0.00718
   0.00320   -0.66668    0.00917
   0.00320   -0.43322   -0.09959
  -0.05529    0.74748   -0.05731
   0.00636   -0.59092   -0.13609
  -0.04127   -0.42543    0.00219
  -0.05100    0.65876   -0.05995
  -0.04127   -0.35511   -0.10808
  -0.03437   -0.73916    0.20625
  -0.02393    0.55892    0.04268
  -0.01203    0.49359    0.00182
   0.00320   -0.55764    0.10916
   0.00320   -0.77494   -0.13115
  -0.04127   -0.33320   -0.18463
   0.00320   -0.53479    0.12477
  -0.05907    0.56926    0.01066
  -0.00547   -0.72951    0.21375
   0.00433   -0.49191   -0.09286
   0.00089   -0.57009    0.00875
   0.01101    0.64197    0.00401
  -0.04127   -0.63320    0.15516
   0.00320   -0.72802   -0.20124
   0.00320   -0.64787   -0.08685
   0.00320   -0.37962    0.06490
   0.02214   -0.58454   -0.13211
  -0.01628   -0.52375   -0.20056
   0.00623    0.47802    0.00068
  -0.04127   -0.59167   -0.13405
  -0.04127   -0.45538   -0.08063
   0.00433    0.36053    0.04241
  -0.04127   -0.25282    0.18922
   0.00320   -0.26898    0.14615
   0.00426    0.12303    0.03817
  -0.04127   -0.75408   -0.10279
   0.00636   -0.64152   -0.13781
  -0.04846    0.70878   -0.08681
   0.00358    0.07208   -0.01104
   0.00509   -0.48447   -0.15094
   0.03583    0.66005   -0.00157
  -0.02816   -0.79198    0.01077
  -0.00025   -0.08928   -0.03767
   0.01558   -0.61991   -0.00444
  -0.04127   -0.44552   -0.05387
  -0.04127   -0.53091    0.15105
  -0.02635    0.31741   -0.02862
  -0.04127   -0.29616   -0.16640
   0.00089   -0.60259   -0.02789
  -0.02181   -0.31588   -0.19723
   0.00089   -0.55619    0.05686
  -0.03142    0.23568   -0.02347
   0.00396    0.28147    0.01699
   0.00320   -0.62475    0.09028
  -0.05907    0.60718    0.00562
   0.00636   -0.56381   -0.12447
  -0.02660   -0.23614    0.19337
  -0.04127   -0.68849    0.19686
   0.00433   -0.43268   -0.11308
   0.01041   -0.60485   -0.13776
   0.00404    0.38914    0.02272
   0.00320   -0.64953    0.15596
  -0.01986   -0.69686    0.23021
   0.00414    0.00494    0.02998
  -0.05907    0.57095    0.03560
   0.00320   -0.39278   -0.11653
  -0.05907    0.71365    0.02335
   0.00320   -0.37962    0.06490
   0.00413   -0.13330    0.02796
   0.00636   -0.51974   -0.12420
  -0.04127   -0.55469   -0.20263
   0.00320   -0.55254    0.19483
  -0.05907    0.55748   -0.00509
  -0.04127   -0.57327   -0.00501
  -0.04127   -0.43052   -0.10027
  -0.00418    0.49359    0.01868
  -0.04127   -0.24601    0.16604
   0.00573    0.44676    0.01367
  -0.01697    0.07785   -0.03439
  -0.04127   -0.73324   -0.04450
  -0.05907    0.58852   -0.04455
   0.00320    0.66050   -0.00008
   0.00673    0.29266    0.01855
  -0.05907    0.61426    0.04138
   0.00433   -0.41285   -0.11704
  -0.04127   -0.29720   -0.12177
   0.00320   -0.60844    0.13494
   0.00320    0.67694   -0.04508
   0.00320   -0.53744    0.19632
  -0.04127   -0.60279    0.13531
  -0.01768    0.21692    0.03963
  -0.04127   -0.34073   -0.17529
   0.00320   -0.63483    0.06565
  -0.00610    0.01396   -0.03742
   0.00320   -0.37243   -0.07097
  -0.04127   -0.75956   -0.03154
   0.00320   -0.46394   -0.06157
  -0.04127   -0.23641   -0.16189
  -0.05108    0.54800    0.04268
  -0.05907    0.55463   -0.05529
   0.00320   -0.76192    0.08875
  -0.00973   -0.22303   -0.14313
   0.00320   -0.38201   -0.16995
   0.00320    0.69058    0.03373
  -0.04127   -0.31190    0.13122
   0.00320   -0.64572   -0.02629
   0.00542   -0.55728    0.01596
  -0.04127   -0.66839    0.22988
   0.00320   -0.51541    0.11348
  -0.04127   -0.68482   -0.20490
  -0.00230    0.36729    0.04294
   0.00320   -0.29170   -0.17693
  -0.04127   -0.51919    0.05217
  -0.04127   -0.73432   -0.00439
  -0.04127   -0.28285    0.19469
   0.00320    0.62924   -0.06212
  -0.04127   -0.46364    0.00905
   0.00320    0.62871   -0.00409
   0.00433   -0.32203   -0.18109
   0.01420    0.24042    0.02748
   0.01031    0.12425   -0.03457
   0.00320    0.67316   -0.08907
   0.00320   -0.74292   -0.00066
  -0.05907    0.75381   -0.03033
  -0.04127   -0.59359   -0.04357
   0.00320   -0.44913   -0.12813
  -0.03857    0.72468   -0.08415
  -0.00547   -0.72951    0.21375
  -0.04662    0.58562   -0.06514
   0.00320    0.73734    0.00567
  -0.03651   -0.11577    0.02131
   0.00433   -0.38503   -0.07602
  -0.04127   -0.44400   -0.07145
  -0.02425   -0.57851   -0.22257
   0.00089   -0.58705   -0.04501
   0.03583    0.62906    0.00731
  -0.02297    0.29175   -0.03094
  -0.04127   -0.51919    0.05217
  -0.04127   -0.73520    0.09611
  -0.02453   -0.62908   -0.23595
  -0.05907    0.68656   -0.04124
   0.00320   -0.52035   -0.05635
   0.00320   -0.57501    0.10892
   0.00320    0.68153   -0.01659
   0.00320   -0.29170   -0.17693
   0.00622   -0.60002    0.00085
   0.00956   -0.01793   -0.00237
  -0.00945   -0.78807    0.11307
   0.01566   -0.38796    0.03214
  -0.04127   -0.55150    0.04657
  -0.04127   -0.37185    0.10728
  -0.05907    0.60718    0.00562
   0.00320   -0.50320    0.13992
   0.00878   -0.56475    0.00426
  -0.01192   -0.36802   -0.17668
  -0.04127   -0.28162    0.17716
   0.00636   -0.51974   -0.12420
   0.00020   -0.26816   -0.20328
   0.00675    0.37371    0.00282
  -0.01155    0.01301    0.04150
  -0.03418   -0.07483   -0.02010
  -0.04127   -0.53149    0.01077
  -0.02035   -0.27057   -0.12551
   0.00320    0.61166   -0.02687
  -0.04127   -0.35335    0.12691
  -0.04127   -0.26115   -0.13725
   0.00805    0.33267   -0.03212
   0.01566   -0.38796    0.03214
   0.03094    0.53789    0.03901
   0.00381   -0.02440    0.00575
  -0.04127   -0.75282   -0.15603
  -0.00312   -0.73273   -0.20749
   0.00320   -0.78242    0.10032
   0.00287    0.70406   -0.08738
   0.00376    0.07762    0.00259
   0.00613   -0.62986    0.05754
   0.00320    0.67694   -0.04508
   0.00829    0.52523    0.03678
  -0.02393    0.55892    0.04268
  -0.03159   -0.50297   -0.19149
   0.01410   -0.52415    0.02735
  -0.04733    0.77226   -0.05657
   0.00116   -0.55047   -0.05080
   0.00320   -0.24498   -0.14268
  -0.04127   -0.63533    0.19335
   0.00433   -0.42815   -0.02523
  -0.02208    0.02281    0.03686
  -0.03162    0.37125   -0.02322
  -0.04127   -0.53389   -0.05367
  -0.04127   -0.53174   -0.07264
   0.00320   -0.58620   -0.19730
  -0.04127   -0.75956   -0.03154
   0.00389    0.04994    0.01155
   0.01042    0.21309    0.00424
   0.00320   -0.56815    0.10355
   0.00613    0.62200   -0.07337
   0.00792   -0.59644    0.01933
  -0.04127   -0.59257   -0.18937
   0.01341    0.50196    0.02680
   0.00320   -0.51981   -0.09673
   0.00320   -0.58464    0.17923
  -0.05907    0.53968   -0.03285
  -0.04127   -0.52370   -0.07445
   0.00320   -0.71531   -0.19700
  -0.04127   -0.53558   -0.15100
  -0.01192   -0.36802   -0.17668
   0.00320   -0.79117    0.02668
  -0.03663    0.31475   -0.01589
  -0.04127   -0.65157   -0.11902
   0.00320   -0.50499    0.17001
   0.00320   -0.75754   -0.17323
   0.00320   -0.34223    0.18304
   0.00631    0.53983    0.00186
  -0.00875    0.45852    0.04235
  -0.02887   -0.46954   -0.17605
   0.00403    0.41309    0.02098
  -0.05305    0.51248    0.04268
  -0.04127   -0.22080   -0.17708
  -0.04127   -0.77355   -0.13342
  -0.05907    0.67795   -0.06215
  -0.04127   -0.52241    0.10964
   0.00089   -0.53762    0.02528
  -0.04127   -0.50121   -0.01241
   0.00320    0.57594   -0.03746
   0.00320   -0.25595    0.13095
   0.00320   -0.37885    0.12452
  -0.00041    0.42424    0.04296
  -0.03432    0.59368   -0.06752
  -0.04127   -0.71032   -0.00855
   0.00341   -0.07147   -0.02224
   0.03583    0.75194   -0.03411
   0.01044   -0.47008    0.01964
  -0.00476   -0.11431    0.04289
  -0.01768    0.21692    0.03963
  -0.04127   -0.45495   -0.06441
   0.00433   -0.38743   -0.15339
  -0.04127   -0.52148    0.18341
  -0.05907    0.71670   -0.06905
   0.00320   -0.27551   -0.20141
   0.03583    0.75194   -0.03411
   0.01072   -0.59911   -0.00989
   0.00433   -0.44660    0.00030
  -0.01399   -0.67449   -0.23334
  -0.03795    0.12878    0.01823
  -0.04127   -0.62174    0.05766
   0.01101    0.64197    0.00401
   0.00320   -0.41043    0.02284
   0.00636   -0.51808   -0.15009
  -0.04127   -0.62014    0.19444
  -0.04127   -0.62836    0.11199
   0.00419   -0.08653    0.03358
   0.00714   -0.60611    0.01886
  -0.04074    0.17192   -0.00232
  -0.05907    0.60667   -0.06568
   0.00370    0.19607   -0.00245
  -0.00080    0.14736   -0.03766
  -0.04127   -0.44227    0.03305
  -0.01919    0.70976   -0.05842
   0.00320   -0.24498   -0.14268
   0.00320    0.73734    0.00567
  -0.05907    0.57476   -0.04866
  -0.04127   -0.74042   -0.02756
  -0.03555   -0.69983   -0.22564
   0.00698    0.42056    0.00312
   0.03583    0.66005   -0.00157
   0.00320   -0.62747    0.18385
   0.00733   -0.06782   -0.00149
   0.00320   -0.70305   -0.09596
  -0.04127   -0.44227    0.03305
  -0.04127   -0.44676    0.10012
   0.00355    0.00782   -0.01278
   0.00340    0.10113   -0.02378
   0.00320   -0.64444    0.02138
  -0.04127   -0.61066   -0.12923
   0.00320   -0.26178    0.16184
  -0.04127   -0.34003    0.17414
  -0.04127   -0.66627   -0.09706
  -0.04127   -0.53610   -0.03364
  -0.00230   -0.33179   -0.19254
  -0.04127   -0.60279    0.13531
  -0.04127   -0.52241    0.10964
  -0.04018   -0.05957   -0.00675
   0.00320    0.57594   -0.03746
  -0.04127   -0.63319   -0.17661
   0.01341    0.50196    0.02680
   0.00320   -0.75307    0.00363
   0.00320   -0.63483    0.06565
  -0.04127   -0.47995   -0.15937
   0.00981   -0.45470   -0.01402
  -0.04127   -0.27300   -0.15276
   0.00320   -0.73079    0.12220
   0.00878   -0.56475    0.00426
  -0.04127   -0.72042    0.12420
  -0.04127   -0.74168    0.01028
   0.00348    0.10866   -0.01787
  -0.04127   -0.25144   -0.13547
  -0.02267   -0.60715    0.23300
   0.00633    0.07109   -0.02291
   0.00320   -0.59842    0.15339
   0.00320   -0.76192    0.08875
   0.00933   -0.44115    0.00433
  -0.04127   -0.44227    0.03305
  -0.04074    0.10029   -0.00229
   0.00320   -0.68926    0.16183
   0.00320    0.63856    0.01677
  -0.04127   -0.47676    0.07256
   0.00328    0.24392   -0.03149
  -0.05907    0.63841   -0.03777
  -0.02877    0.33686   -0.02670
  -0.00547   -0.72951    0.21375
  -0.03771    0.62591   -0.06427
  -0.00041    0.42424    0.04296
   0.00320   -0.38680   -0.02602
   0.00320    0.65546   -0.05282
  -0.04127   -0.27642   -0.14118
  -0.04127   -0.51422    0.09838
   0.00320   -0.70893    0.17243
  -0.04127   -0.62014    0.19444
  -0.02430   -0.53429   -0.20502
  -0.04127   -0.28285    0.19469
   0.00320   -0.62218    0.10960
  -0.00060    0.64598   -0.08433
  -0.05907    0.57095    0.03560
  -0.03345    0.41350   -0.02100
   0.00542   -0.55728    0.01596
  -0.04803    0.69484   -0.05887
  -0.04127   -0.44552   -0.05387
  -0.01304    0.44660    0.04104
   0.00320   -0.46175    0.14505
   0.00320   -0.64444    0.02138
   0.00572    0.16194    0.01371
   0.00993   -0.47489   -0.02141
   0.00320   -0.68926    0.16183
   0.01120    0.17132   -0.02382
   0.00254   -0.51971    0.05115
  -0.04127   -0.42177    0.01581
   0.00320   -0.65163    0.04414
   0.00353    0.33521   -0.01429
   0.00320    0.66559   -0.00970
  -0.04127   -0.74620   -0.01379
   0.00433   -0.47284   -0.07094
   0.00320   -0.47472   -0.04891
   0.00320   -0.68183    0.07970
  -0.04564    0.76339   -0.07176
  -0.01470   -0.23127   -0.13780
  -0.04127   -0.65145   -0.06832
  -0.04127   -0.63320    0.15516
  -0.04127   -0.71032   -0.00855
  -0.00603   -0.06230    0.04288
  -0.04127   -0.78610   -0.06911
   0.00933   -0.44115    0.00433
   0.00320    0.62797   -0.02630
   0.02214   -0.58454   -0.13211
  -0.05907    0.76704   -0.06167
   0.00749    0.31815    0.02629
  -0.04127   -0.43062    0.05241
   0.00320   -0.74495   -0.08680
   0.01228    0.02791    0.02615
   0.00320   -0.26898    0.14615
  -0.00706   -0.21788    0.17643
   0.01096    0.10940   -0.01326
  -0.03270    0.50050   -0.03988
  -0.03179   -0.78040    0.14106
  -0.02562   -0.26369    0.20421
  -0.04127   -0.50713    0.05829
  -0.04127   -0.49299   -0.06207
   0.00336   -0.10299   -0.02627
  -0.04127   -0.40682    0.09137
   0.01424   -0.60906    0.02582
  -0.04127   -0.42543    0.00219
  -0.00887    0.23634    0.04231
  -0.04127   -0.61123    0.16078
   0.00413    0.16866    0.02831
  -0.04127   -0.25282    0.18922
  -0.02856    0.51205    0.04268
  -0.04127   -0.54614   -0.07874
  -0.02035   -0.34202    0.19105
  -0.04127   -0.43052   -0.10027
   0.00433   -0.44038    0.01417
  -0.02035   -0.34202    0.19105
   0.00320   -0.73934    0.13332
   0.02170   -0.58875   -0.14554
  -0.04127   -0.76800   -0.15850
  -0.01381    0.45513   -0.03545
   0.00433   -0.33665   -0.17038
  -0.05907    0.62674   -0.05194
  -0.05529    0.74748   -0.05731
  -0.04127   -0.69938   -0.04263
   0.00636   -0.56381   -0.12447
  -0.03345    0.41350   -0.02100
  -0.04127   -0.69368   -0.16035
   0.00320    0.56998    0.04004
  -0.04127   -0.52344   -0.12004
   0.00320   -0.66085    0.11028
  -0.04127   -0.40366   -0.10307
  -0.00025   -0.08928   -0.03767
   0.00320   -0.36071   -0.10869
  -0.04080   -0.01513   -0.00179
   0.00320   -0.68679   -0.21574
   0.00433   -0.39452   -0.12545
   0.00320   -0.70054    0.08981
   0.00744   -0.07382    0.01167
  -0.04127   -0.46374    0.07471
   0.00320   -0.40316    0.03129
  -0.03432    0.59368   -0.06752
  -0.04127   -0.66358   -0.10606
  -0.01086    0.78330   -0.05625
   0.01021    0.31049   -0.03474
  -0.00520    0.11691    0.04289
   0.00320   -0.66579   -0.22579
   0.00386   -0.11525    0.00975
  -0.05716    0.77226   -0.02289
  -0.04074    0.17192   -0.00232
   0.00433   -0.42815   -0.02523
  -0.04127   -0.26517   -0.15750
  -0.03002   -0.13049   -0.02519
   0.03583    0.63722    0.01420
  -0.04127   -0.44227    0.03305
  -0.04127   -0.54823   -0.02479
  -0.04127   -0.76294   -0.17757
   0.00636   -0.59266   -0.11806
   0.01313    0.46873    0.01273
   0.01379    0.03046    0.01394
  -0.01845    0.05476    0.03921
   0.00413    0.48848    0.02852
   0.00320   -0.73742   -0.14870
   0.02455    0.70079   -0.02574
  -0.05907    0.63841   -0.03777
   0.00320    0.70848   -0.06093
  -0.03651   -0.11577    0.02131
   0.00623    0.47802    0.00068
   0.00320   -0.21408    0.13170
   0.00433   -0.41285   -0.11704
   0.01006    0.50249    0.00429
  -0.01490   -0.79198    0.00903
   0.00320   -0.70694   -0.11269
  -0.03817    0.01245   -0.01231
   0.00320   -0.64456   -0.18843
  -0.04127   -0.68109   -0.12164
   0.00423    0.23452    0.03545
  -0.04127   -0.29755    0.19184
   0.00320   -0.65225    0.01661
   0.02214   -0.57841   -0.12449
   0.00320   -0.66057    0.07627
  -0.04127   -0.48197    0.02349
  -0.04127   -0.69106   -0.06059
  -0.03303   -0.79198    0.04473
   0.00320   -0.71180    0.19917
  -0.03171   -0.14240    0.02847
   0.01115    0.24248    0.00393
   0.00461    0.25331    0.03303
   0.00222    0.40964    0.04301
  -0.04127   -0.61123    0.16078
   0.00433   -0.30126   -0.16126
   0.00892   -0.03621   -0.03552
   0.00346    0.22998   -0.01906
  -0.05907    0.58892   -0.06044
   0.02198   -0.66494   -0.12621
   0.02198   -0.66494   -0.12621
   0.00320   -0.56649   -0.08168
   0.00320   -0.46060    0.11923
   0.00320   -0.34449    0.11318
   0.00320   -0.24360    0.12684
   0.00320   -0.63841   -0.20890
   0.00419    0.28250    0.03376
   0.00320   -0.29410   -0.13130
  -0.04127   -0.60238   -0.01150
  -0.04127   -0.73430   -0.17863
  -0.04127   -0.76608   -0.10034
  -0.04127   -0.37255   -0.05773
   0.01533   -0.55668    0.03343
   0.01101    0.64197    0.00401
   0.00837    0.42739    0.03681
  -0.04127   -0.68825    0.07294
  -0.04127   -0.27642   -0.14118
   0.00320   -0.65395   -0.03729
   0.00320   -0.62174    0.03338
  -0.00025   -0.08928   -0.03767
   0.00320   -0.59006    0.16786
   0.01377   -0.54336    0.01684
   0.00433   -0.39452   -0.12545
   0.00320   -0.63168   -0.09969
   0.00930    0.08713   -0.03545
   0.00872   -0.51183   -0.02610
  -0.03315   -0.77832   -0.15258
  -0.04127   -0.50517   -0.05461
   0.00320   -0.67524   -0.08661
   0.00320   -0.53935   -0.19957
  -0.04127   -0.77605    0.03253
  -0.04127   -0.47370    0.03227
   0.00433   -0.31913   -0.13864
   0.01551    0.28737    0.03298
   0.00351    0.41415   -0.01478
  -0.05907    0.68032   -0.08289
   0.00320    0.63236   -0.05121
   0.00370    0.19607   -0.00245
  -0.03328   -0.78785   -0.12576
   0.00320    0.64946    0.00245
  -0.04127   -0.68482   -0.20490
   0.00714   -0.60611    0.01886
  -0.05907    0.68374   -0.01014
  -0.00733   -0.69444    0.23097
  -0.04127   -0.45876    0.10930
   0.01104    0.04314   -0.02269
   0.00320   -0.24538   -0.16975
   0.00433   -0.36562    0.11520
  -0.04127   -0.66537   -0.14956
   0.01878   -0.60089   -0.11839
   0.00320    0.55682    0.00058
  -0.01838    0.70063    0.03127
   0.00089   -0.59853   -0.00570
  -0.04127   -0.40682    0.09137
  -0.04127   -0.61066   -0.12923
  -0.04127   -0.75282   -0.15603
  -0.04127   -0.73324   -0.04450
   0.00320   -0.68566   -0.10022
   0.01281    0.39444    0.01843
  -0.04127   -0.77605    0.03253
   0.00320   -0.40722   -0.04783
   0.00320   -0.56815    0.10355
  -0.05731    0.75613   -0.07465
  -0.04127   -0.60460   -0.10804
   0.00452   -0.68263   -0.14021
   0.00545    0.37885    0.01621
   0.00626    0.59416   -0.02335
   0.00625    0.50875    0.00060
  -0.04127   -0.67417    0.15962
   0.00320   -0.71029    0.04422
  -0.04127   -0.54588    0.16392
  -0.00457   -0.49244    0.18869
  -0.03946    0.50527   -0.04129
  -0.04127   -0.41227   -0.03379
  -0.04127   -0.34757    0.15193
  -0.04127   -0.61108   -0.18508
  -0.03754    0.10715    0.01911
   0.00680   -0.54274   -0.01240
   0.05607    0.52965    0.02670
  -0.05907    0.60667   -0.06568
  -0.01628   -0.52375   -0.20056
   0.01013    0.39648   -0.03485
  -0.04127   -0.58106   -0.12041
  -0.04127   -0.51866    0.13725
   0.00391   -0.01588    0.01321
  -0.04127   -0.30912   -0.12936
   0.00626    0.59416   -0.02335
  -0.04127   -0.67285   -0.04559
   0.00605    0.67883   -0.08058
  -0.03862    0.14220    0.01681
  -0.04018   -0.05957   -0.00675
   0.00320    0.66559   -0.00970
  -0.04127   -0.58116    0.08849
  -0.04127   -0.57894    0.20477
   0.00320   -0.60826    0.20779
   0.00320   -0.65395   -0.03729
   0.00320   -0.59792    0.18147
  -0.04127   -0.62956   -0.02392
  -0.04061   -0.23540   -0.19337
  -0.00612   -0.67913    0.23459
   0.00320   -0.66519    0.01818
   0.00320    0.74911   -0.05469
   0.00433   -0.01046    0.04236
  -0.05907    0.56114    0.03703
   0.00663   -0.53172   -0.00066
   0.00636   -0.59958   -0.10988
  -0.01291   -0.26694    0.20470
   0.00817   -0.38761   -0.00948
   0.00433   -0.35930    0.07851
  -0.04127   -0.62956   -0.02392
  -0.04127   -0.36451    0.14883
  -0.04127   -0.42050   -0.15170
   0.00320    0.70016   -0.04911
   0.03096    0.70820   -0.01914
   0.00320   -0.76381    0.16572
  -0.02940   -0.28313    0.20593
  -0.02181   -0.31588   -0.19723
   0.00320   -0.49523    0.12944
   0.00868    0.48921    0.00424
  -0.02368    0.41605   -0.03045
  -0.04127   -0.35511   -0.10808
   0.00994    0.38639   -0.02577
   0.00320   -0.71029    0.04422
   0.00408    0.05647    0.02509
   0.01013    0.39648   -0.03485
   0.00433   -0.49191   -0.09286
   0.00320   -0.59792    0.18147
  -0.04127   -0.76197   -0.01691
  -0.04127   -0.64691    0.22908
  -0.04089   -0.03204    0.00681
  -0.04127   -0.36534    0.06177
   0.00433   -0.32934    0.10730
   0.00320   -0.64456   -0.18843
  -0.04127   -0.31190    0.13122
   0.00320   -0.65115    0.11762
  -0.03780    0.12875   -0.01316
  -0.05907    0.64961   -0.03522
  -0.00520    0.11691    0.04289
  -0.04127   -0.51183   -0.10577
  -0.04127   -0.42971    0.09394
   0.00320    0.51633    0.01092
  -0.04127   -0.74168    0.01028
   0.00320   -0.56930   -0.07007
  -0.03722    0.19507   -0.01450
   0.00433   -0.47492    0.10534
  -0.04127   -0.48197    0.02349
   0.00320   -0.65273    0.21314
   0.01029   -0.49781   -0.02552
   0.00545   -0.47864    0.01449
   0.00433   -0.01046    0.04236
  -0.04127   -0.69265   -0.09636
  -0.04127   -0.52745   -0.02223
   0.00892   -0.03621   -0.03552
  -0.04127   -0.53610   -0.03364
  -0.04127   -0.65145   -0.06832
   0.00320   -0.38680   -0.02602
  -0.01911   -0.56247    0.22192
   0.00683    0.37266    0.02668
   0.00796   -0.50956   -0.01382
  -0.04127   -0.27642   -0.14118
  -0.03950   -0.14159    0.01488
   0.00320    0.68689   -0.08219
   0.00320   -0.37962    0.06490
   0.00320   -0.53018    0.19279
  -0.00060    0.64598   -0.08433
  -0.04127   -0.65904    0.08239
   0.00328    0.24392   -0.03149
   0.00398    0.47945    0.01727
   0.00328   -0.05889   -0.03204
  -0.01465    0.66370    0.04085
   0.00613    0.75000   -0.06683
   0.00320   -0.65225    0.01661
   0.00320   -0.28583   -0.16559
   0.01046    0.40573   -0.01371
   0.00089   -0.50091   -0.04200
   0.00419   -0.03994    0.03331
   0.00661    0.08605    0.00259
  -0.05907    0.63746   -0.02508
  -0.00476   -0.11431    0.04289
  -0.04127   -0.40682    0.09137
  -0.01919    0.70976   -0.05842
   0.00433   -0.40004   -0.07234
   0.00320   -0.44342    0.08683
   0.01031    0.12425   -0.03457
   0.00320   -0.70049   -0.17318
   0.00320   -0.59792    0.18147
   0.01197    0.25063    0.01909
  -0.00202    0.52723   -0.04782
  -0.04127   -0.58491   -0.22424
   0.00134   -0.79198    0.00156
  -0.04127   -0.42935    0.16115
   0.00089   -0.49296    0.05168
  -0.04127   -0.72184   -0.00805
   0.00636   -0.67293   -0.13665
   0.01558   -0.62933    0.04039
  -0.05907    0.64887   -0.00038
  -0.04127   -0.76974    0.07732
   0.03583    0.70429   -0.02418
  -0.03252   -0.11973   -0.02213
   0.00320    0.62624    0.02748
  -0.04127   -0.60236   -0.14477
  -0.04127   -0.67285   -0.04559
   0.00351    0.41415   -0.01478
   0.00320   -0.39693    0.09636
  -0.04127   -0.77355   -0.13342
   0.01014    0.29787   -0.03270
   0.00613    0.04685    0.03550
   0.00381   -0.02440    0.00575
   0.00636   -0.48263   -0.11721
  -0.02295   -0.03129    0.03630
  -0.20946    0.59935    0.00097
  -0.16549    0.54613   -0.02166
  -0.16806    0.48259   -0.05402
  -0.17738    0.58385   -0.00363
  -0.19690    0.56955    0.14774
  -0.17311    0.47393   -0.04724
  -0.09873    0.52665    0.17965
  -0.04969    0.55130    0.18689
  -0.22391    0.54416    0.03025
  -0.11578    0.33211    0.00537
  -0.08124    0.41729    0.13648
  -0.09746    0.40815    0.09520
  -0.11058    0.51687    0.05260
  -0.15791    0.37739    0.18697
  -0.12431    0.52096    0.01844
  -0.17404    0.51445   -0.01120
  -0.21257    0.49054   -0.05797
  -0.05053    0.45709   -0.03254
  -0.16019    0.58106   -0.06892
  -0.05016    0.53625   -0.16869
  -0.15810    0.42500    0.09840
  -0.09959    0.41517    0.09227
  -0.21571    0.38878    0.04135
  -0.20674    0.40806    0.10488
  -0.08981    0.34796   -0.01165
  -0.20453    0.38169    0.04395
  -0.16976    0.52804    0.09824
  -0.23669    0.42658   -0.08810
  -0.18511    0.54715    0.07437
  -0.13182    0.28553   -0.17012
  -0.18916    0.65881   -0.15671
  -0.17586    0.44589   -0.05371
  -0.10457    0.28970   -0.08617
  -0.14168    0.34927    0.06065
  -0.15826    0.17585   -0.03259
  -0.15116    0.46364    0.13502
  -0.19701    0.40196    0.05882
  -0.16258    0.73897   -0.01792
  -0.21134    0.61793   -0.01254
  -0.19249    0.56677    0.08848
  -0.14344    0.67089   -0.10902
  -0.10013    0.49040    0.16618
  -0.14157    0.41825   -0.04445
  -0.14141    0.43603   -0.02428
  -0.10773    0.35114    0.09885
  -0.14469    0.51616   -0.04635
  -0.06828    0.21238    0.02774
  -0.27127    0.40001    0.07942
  -0.15765    0.53330    0.01599
  -0.23648    0.31970    0.07680
  -0.17908    0.25310    0.06065
  -0.23126    0.54052   -0.05812
  -0.12604    0.50457    0.02386
  -0.19751    0.50276   -0.07286
  -0.21294    0.70841    0.14070
  -0.12502    0.43996    0.07610
  -0.16620    0.38987    0.23607
  -0.12475    0.39909    0.01137
  -0.19319    0.51051    0.06805
  -0.11643    0.45958   -0.18158
  -0.18272    0.58090    0.06756
  -0.14219    0.41146    0.02122
  -0.26906    0.47423    0.02860
  -0.14611    0.47707    0.03692
  -0.16907    0.57182    0.06562
  -0.16023    0.36502    0.03666
  -0.17511    0.61119    0.10126
  -0.15268    0.45743    0.12340
  -0.18118    0.64030    0.01975
  -0.12862    0.62996    0.01108
  -0.20443    0.46660    0.00441
  -0.17001    0.36351    0.15972
  -0.17907    0.60788    0.01300
  -0.15504    0.50041    0.10353
  -0.07366    0.53286    0.12727
  -0.13523    0.50857   -0.08210
  -0.13978    0.33544    0.11558
  -0.16725    0.54126    0.02128
  -0.18580    0.45192    0.02691
  -0.16476    0.47675    0.14305
  -0.17491    0.50208   -0.00168
  -0.13438    0.29061    0.06303
  -0.16657    0.55047   -0.00286
  -0.10875    0.51518    0.04797
  -0.13305    0.50388    0.12123
  -0.10033    0.32030    0.01572
  -0.18330    0.50617   -0.04313
  -0.14670    0.34358   -0.04205
  -0.15793    0.37607   -0.03223
  -0.17492    0.42023   -0.11419
  -0.10319    0.25570    0.09999
  -0.13575    0.43952   -0.14561
  -0.10137    0.50771    0.10764
  -0.13292    0.60377   -0.05086
  -0.22762    0.56603    0.07000
  -0.13495    0.45653    0.03991
  -0.16646    0.46247    0.18041
  -0.21257    0.53591    0.06949
  -0.20113    0.47992    0.00974
  -0.17712    0.57289    0.04798
  -0.14263    0.48543    0.13089
  -0.16926    0.62428    0.13770
  -0.13636    0.36869    0.03262
  -0.25276    0.56246   -0.04094
  -0.24137    0.46634   -0.00622
  -0.20819    0.54277    0.09580
  -0.18722    0.55466    0.00637
  -0.19410    0.64648    0.21427
  -0.14910    0.51286   -0.00629
  -0.16980    0.51507    0.04004
  -0.19123    0.43552    0.02218
  -0.24760    0.46476    0.11200
  -0.20553    0.48515   -0.04113
  -0.10903    0.33878    0.04479
  -0.20296    0.47486    0.14231
  -0.10039    0.49047    0.01823
  -0.21596    0.62569   -0.03651
  -0.19341    0.56838   -0.01949
  -0.17913    0.50402    0.03928
  -0.13931    0.56966   -0.04281
  -0.16281    0.53144   -0.06313
  -0.08820    0.44571    0.24756
  -0.22225    0.46324    0.05657
  -0.19316    0.36103    0.00212
  -0.16146    0.33874    0.09970
  -0.17785    0.49903    0.01629
  -0.15575    0.33069   -0.04257
  -0.25129    0.53740    0.04097
  -0.18739    0.32313   -0.07346
  -0.17352    0.59631   -0.01503
  -0.13067    0.50822   -0.09838
  -0.18596    0.48643   -0.03194
  -0.11868    0.29469    0.00081
  -0.14195    0.37963   -0.14310
  -0.20522    0.48949   -0.13122
  -0.17011    0.54927   -0.12231
  -0.17806    0.44617   -0.01727
  -0.12656    0.44354    0.18756
  -0.21719    0.49080    0.02029
  -0.08344    0.42375    0.02165
  -0.12900    0.54181   -0.01966
  -0.09802    0.47481    0.14704
  -0.14993    0.43500    0.02887
  -0.14184    0.53333    0.00905
  -0.16253    0.50667    0.16177
  -0.17390    0.57733   -0.06827
  -0.16777    0.52403    0.14514
  -0.20192    0.48366    0.18147
  -0.17332    0.53133   -0.09206
  -0.11937    0.57525    0.09499
  -0.07418    0.52827   -0.10712
  -0.22746    0.64917    0.00618
  -0.17616    0.47995   -0.00221
  -0.15358    0.62731    0.03596
  -0.07108    0.32931    0.14202
  -0.18948    0.47379    0.09018
  -0.20656    0.51358    0.01374
  -0.12100    0.41873    0.02168
  -0.08947    0.48800   -0.09195
  -0.11281    0.40242   -0.11544
  -0.14795    0.44406    0.11071
  -0.17706    0.52681    0.02308
  -0.00904    0.31980    0.14358
  -0.10267    0.35963   -0.07412
  -0.02497    0.46329    0.03136
  -0.18627    0.53152    0.02739
  -0.22860    0.47967   -0.05219
  -0.08418    0.27830   -0.00229
  -0.19078    0.45900   -0.08937
  -0.19616    0.57931   -0.00940
  -0.08022    0.59507   -0.09963
  -0.21741    0.40841    0.02897
  -0.09486    0.42136    0.02716
  -0.11025    0.55587    0.11911
  -0.20427    0.45618    0.02873
  -0.19382    0.57008   -0.03595
  -0.15996    0.57386    0.06727
  -0.16259    0.31645    0.14820
  -0.28241    0.64491   -0.11622
  -0.21174    0.55852   -0.07899
  -0.17396    0.40252    0.03371
  -0.07810    0.35482    0.09660
  -0.15211    0.44034    0.06138
  -0.20872    0.32036   -0.04363
  -0.17809    0.58996    0.04821
  -0.17554    0.58696    0.07134
  -0.14149    0.30271    0.08777
  -0.12822    0.51205   -0.05311
  -0.16179    0.53548    0.01295
  -0.19138    0.44613   -0.01735
  -0.20760    0.38811   -0.09203
  -0.06045    0.49038    0.01699
  -0.23507    0.72861   -0.01555
  -0.15543    0.47033    0.03504
  -0.19347    0.52039    0.02117
  -0.21032    0.52631    0.15232
  -0.20340    0.44680    0.01821
  -0.14099    0.65741    0.10208
  -0.13058    0.32746    0.13967
  -0.17475    0.55448   -0.05438
  -0.13267    0.49564    0.05424
  -0.14619    0.50592   -0.13834
  -0.09524    0.49737    0.06633
  -0.16130    0.53222   -0.01867
  -0.16601    0.42734   -0.03225
  -0.19009    0.50588    0.01259
  -0.16494    0.47246   -0.05017
  -0.19739    0.38826   -0.10050
  -0.15524    0.62260    0.06079
  -0.21725    0.58050    0.07914
  -0.15677    0.57980    0.22951
  -0.12516    0.58075   -0.00282
  -0.16284    0.37635    0.01774
  -0.12012    0.35213    0.07815
  -0.17098    0.49110    0.07926
  -0.17538    0.39821    0.07580
  -0.08600    0.45282    0.17889
  -0.12314    0.45579   -0.10190
  -0.12977    0.46447   -0.07379
  -0.11352    0.41772    0.11800
  -0.17421    0.53669    0.01639
  -0.24647    0.47177    0.08855
  -0.09044    0.55928   -0.02672
  -0.16851    0.49093    0.01447
  -0.14648    0.35127   -0.02642
  -0.18385    0.51294    0.01896
  -0.18874    0.43418    0.09682
  -0.17944    0.47579   -0.03637
  -0.16527    0.57654   -0.07283
  -0.22509    0.33187    0.00704
  -0.16955    0.50991    0.04670
  -0.10288    0.43549    0.02325
  -0.13350    0.58589    0.04433
  -0.18229    0.33566    0.08146
  -0.19403    0.27060    0.18789
  -0.22854    0.30101    0.11522
  -0.22133    0.40102    0.05775
  -0.14219    0.47016   -0.03562
  -0.13335    0.42219    0.08582
  -0.16991    0.41373   -0.00991
  -0.23330    0.44230   -0.04327
  -0.10060    0.50276    0.11966
  -0.18904    0.39615    0.11135
  -0.11389    0.32793   -0.05753
  -0.15270    0.35664    0.02086
  -0.15835    0.44887    0.12646
  -0.11755    0.37264    0.06564
  -0.19401    0.64255    0.12734
  -0.15757    0.43413   -0.07712
  -0.17444    0.41686   -0.14911
  -0.10878    0.38744   -0.02038
  -0.15495    0.41783    0.01236
  -0.17892    0.46237   -0.06821
  -0.15516    0.52883   -0.04107
  -0.20487    0.54873    0.01485
  -0.14294    0.47390    0.12402
